2025-03-18T00:07:17.247+07:00 DEBUG 31184 --- [resource] [http-nio-8085-exec-1] g.karina.resource.security.jwt.JwtUtils  : JWT token is valid
2025-03-18T00:07:17.271+07:00 DEBUG 31184 --- [resource] [http-nio-8085-exec-1] g.karina.resource.security.jwt.JwtUtils  : Extracted username from token: admin
2025-03-18T00:07:17.273+07:00 DEBUG 31184 --- [resource] [http-nio-8085-exec-1] g.karina.resource.security.jwt.JwtUtils  : Extracted role from token: Admin
2025-03-18T00:07:17.274+07:00 DEBUG 31184 --- [resource] [http-nio-8085-exec-1] g.karina.resource.security.jwt.JwtUtils  : JWT token is valid
2025-03-18T00:07:17.274+07:00 DEBUG 31184 --- [resource] [http-nio-8085-exec-1] g.karina.resource.security.jwt.JwtUtils  : Extracted username from token: admin
2025-03-18T00:07:17.318+07:00 DEBUG 31184 --- [resource] [http-nio-8085-exec-1] g.karina.resource.security.jwt.JwtUtils  : Extracted role from token: Admin
2025-03-18T00:07:17.319+07:00 DEBUG 31184 --- [resource] [http-nio-8085-exec-1] g.k.r.security.jwt.JwtTokenFilter        : Successfully authenticated user 'admin' with role 'Admin'
2025-03-18T23:28:09.748+07:00  INFO 21404 --- [resource] [restartedMain] g.karina.resource.ResourceApplication    : Starting ResourceApplication using Java 21.0.4 with PID 21404 (D:\Kuliah\Propensi\Proyek\c4-gak-pake-lama-be\resource\build\classes\java\main started by Rizky Prawira N in D:\Kuliah\Propensi\Proyek\c4-gak-pake-lama-be\resource)
2025-03-18T23:28:09.753+07:00 DEBUG 21404 --- [resource] [restartedMain] g.karina.resource.ResourceApplication    : Running with Spring Boot v3.4.2, Spring v6.2.2
2025-03-18T23:28:09.755+07:00  INFO 21404 --- [resource] [restartedMain] g.karina.resource.ResourceApplication    : No active profile set, falling back to 1 default profile: "default"
2025-03-18T23:28:09.907+07:00  INFO 21404 --- [resource] [restartedMain] .e.DevToolsPropertyDefaultsPostProcessor : Devtools property defaults active! Set 'spring.devtools.add-properties' to 'false' to disable
2025-03-18T23:28:09.910+07:00  INFO 21404 --- [resource] [restartedMain] .e.DevToolsPropertyDefaultsPostProcessor : For additional web related logging consider setting the 'logging.level.web' property to 'DEBUG'
2025-03-18T23:28:12.022+07:00  INFO 21404 --- [resource] [restartedMain] .s.d.r.c.RepositoryConfigurationDelegate : Bootstrapping Spring Data JPA repositories in DEFAULT mode.
2025-03-18T23:28:12.428+07:00  INFO 21404 --- [resource] [restartedMain] .s.d.r.c.RepositoryConfigurationDelegate : Finished Spring Data repository scanning in 390 ms. Found 1 JPA repository interface.
2025-03-18T23:28:13.810+07:00  INFO 21404 --- [resource] [restartedMain] o.s.b.w.embedded.tomcat.TomcatWebServer  : Tomcat initialized with port 8085 (http)
2025-03-18T23:28:13.829+07:00  INFO 21404 --- [resource] [restartedMain] o.apache.catalina.core.StandardService   : Starting service [Tomcat]
2025-03-18T23:28:13.830+07:00  INFO 21404 --- [resource] [restartedMain] o.apache.catalina.core.StandardEngine    : Starting Servlet engine: [Apache Tomcat/10.1.34]
2025-03-18T23:28:13.942+07:00  INFO 21404 --- [resource] [restartedMain] o.a.c.c.C.[Tomcat].[localhost].[/]       : Initializing Spring embedded WebApplicationContext
2025-03-18T23:28:13.944+07:00  INFO 21404 --- [resource] [restartedMain] w.s.c.ServletWebServerApplicationContext : Root WebApplicationContext: initialization completed in 4032 ms
2025-03-18T23:28:13.983+07:00 DEBUG 21404 --- [resource] [restartedMain] g.karina.resource.security.jwt.JwtUtils  : Initializing JWT public key
2025-03-18T23:28:14.047+07:00 DEBUG 21404 --- [resource] [restartedMain] g.k.r.security.jwt.JwtTokenFilter        : Filter 'jwtTokenFilter' configured for use
2025-03-18T23:28:14.251+07:00  INFO 21404 --- [resource] [restartedMain] o.hibernate.jpa.internal.util.LogHelper  : HHH000204: Processing PersistenceUnitInfo [name: default]
2025-03-18T23:28:14.368+07:00  INFO 21404 --- [resource] [restartedMain] org.hibernate.Version                    : HHH000412: Hibernate ORM core version 6.6.5.Final
2025-03-18T23:28:14.484+07:00  INFO 21404 --- [resource] [restartedMain] o.h.c.internal.RegionFactoryInitiator    : HHH000026: Second-level cache disabled
2025-03-18T23:28:15.606+07:00  INFO 21404 --- [resource] [restartedMain] o.s.o.j.p.SpringPersistenceUnitInfo      : No LoadTimeWeaver setup: ignoring JPA class transformer
2025-03-18T23:28:15.755+07:00  INFO 21404 --- [resource] [restartedMain] com.zaxxer.hikari.HikariDataSource       : HikariPool-1 - Starting...
2025-03-18T23:28:16.937+07:00  INFO 21404 --- [resource] [restartedMain] com.zaxxer.hikari.pool.HikariPool        : HikariPool-1 - Added connection org.postgresql.jdbc.PgConnection@2beca789
2025-03-18T23:28:16.939+07:00  INFO 21404 --- [resource] [restartedMain] com.zaxxer.hikari.HikariDataSource       : HikariPool-1 - Start completed.
2025-03-18T23:28:17.002+07:00  WARN 21404 --- [resource] [restartedMain] org.hibernate.orm.deprecation            : HHH90000025: PostgreSQLDialect does not need to be specified explicitly using 'hibernate.dialect' (remove the property setting and it will be selected by default)
2025-03-18T23:28:17.075+07:00  INFO 21404 --- [resource] [restartedMain] org.hibernate.orm.connections.pooling    : HHH10001005: Database info:
	Database JDBC URL [Connecting through datasource 'HikariDataSource (HikariPool-1)']
	Database driver: undefined/unknown
	Database version: 17.4
	Autocommit mode: undefined/unknown
	Isolation level: undefined/unknown
	Minimum pool size: undefined/unknown
	Maximum pool size: undefined/unknown
2025-03-18T23:28:19.277+07:00  INFO 21404 --- [resource] [restartedMain] o.h.e.t.j.p.i.JtaPlatformInitiator       : HHH000489: No JTA platform available (set 'hibernate.transaction.jta.platform' to enable JTA platform integration)
2025-03-18T23:28:19.459+07:00  INFO 21404 --- [resource] [restartedMain] j.LocalContainerEntityManagerFactoryBean : Initialized JPA EntityManagerFactory for persistence unit 'default'
2025-03-18T23:28:20.328+07:00  WARN 21404 --- [resource] [restartedMain] JpaBaseConfiguration$JpaWebConfiguration : spring.jpa.open-in-view is enabled by default. Therefore, database queries may be performed during view rendering. Explicitly configure spring.jpa.open-in-view to disable this warning
2025-03-18T23:28:20.389+07:00  INFO 21404 --- [resource] [restartedMain] r$InitializeUserDetailsManagerConfigurer : Global AuthenticationManager configured with UserDetailsService bean with name jwtUserDetailsService
2025-03-18T23:28:21.292+07:00  WARN 21404 --- [resource] [restartedMain] ion$DefaultTemplateResolverConfiguration : Cannot find template location: classpath:/templates/ (please add some templates, check your Thymeleaf configuration, or set spring.thymeleaf.check-template-location=false)
2025-03-18T23:28:21.567+07:00  WARN 21404 --- [resource] [restartedMain] o.s.b.d.a.OptionalLiveReloadServer       : Unable to start LiveReload server
2025-03-18T23:28:21.875+07:00  INFO 21404 --- [resource] [restartedMain] o.s.b.w.embedded.tomcat.TomcatWebServer  : Tomcat started on port 8085 (http) with context path '/'
2025-03-18T23:28:21.894+07:00  INFO 21404 --- [resource] [restartedMain] g.karina.resource.ResourceApplication    : Started ResourceApplication in 13.085 seconds (process running for 14.102)
