2025-03-18T00:10:22.749+07:00  INFO 34256 --- [purchase] [restartedMain] g.karina.purchase.PurchaseApplication    : Starting PurchaseApplication using Java 21.0.4 with PID 34256 (D:\Kuliah\Propensi\Proyek\c4-gak-pake-lama-be\purchase\build\classes\java\main started by Rizky Prawira N in D:\Kuliah\Propensi\Proyek\c4-gak-pake-lama-be\purchase)
2025-03-18T00:10:22.754+07:00 DEBUG 34256 --- [purchase] [restartedMain] g.karina.purchase.PurchaseApplication    : Running with Spring Boot v3.4.2, Spring v6.2.2
2025-03-18T00:10:22.755+07:00  INFO 34256 --- [purchase] [restartedMain] g.karina.purchase.PurchaseApplication    : No active profile set, falling back to 1 default profile: "default"
2025-03-18T00:10:22.796+07:00  INFO 34256 --- [purchase] [restartedMain] .e.DevToolsPropertyDefaultsPostProcessor : Devtools property defaults active! Set 'spring.devtools.add-properties' to 'false' to disable
2025-03-18T00:10:22.803+07:00  INFO 34256 --- [purchase] [restartedMain] .e.DevToolsPropertyDefaultsPostProcessor : For additional web related logging consider setting the 'logging.level.web' property to 'DEBUG'
2025-03-18T23:28:09.859+07:00  INFO 28568 --- [purchase] [restartedMain] g.karina.purchase.PurchaseApplication    : Starting PurchaseApplication using Java 21.0.4 with PID 28568 (D:\Kuliah\Propensi\Proyek\c4-gak-pake-lama-be\purchase\build\classes\java\main started by Rizky Prawira N in D:\Kuliah\Propensi\Proyek\c4-gak-pake-lama-be\purchase)
2025-03-18T23:28:09.865+07:00 DEBUG 28568 --- [purchase] [restartedMain] g.karina.purchase.PurchaseApplication    : Running with Spring Boot v3.4.2, Spring v6.2.2
2025-03-18T23:28:09.866+07:00  INFO 28568 --- [purchase] [restartedMain] g.karina.purchase.PurchaseApplication    : No active profile set, falling back to 1 default profile: "default"
2025-03-18T23:28:09.961+07:00  INFO 28568 --- [purchase] [restartedMain] .e.DevToolsPropertyDefaultsPostProcessor : Devtools property defaults active! Set 'spring.devtools.add-properties' to 'false' to disable
2025-03-18T23:28:09.968+07:00  INFO 28568 --- [purchase] [restartedMain] .e.DevToolsPropertyDefaultsPostProcessor : For additional web related logging consider setting the 'logging.level.web' property to 'DEBUG'
2025-03-18T23:28:11.987+07:00  INFO 28568 --- [purchase] [restartedMain] .s.d.r.c.RepositoryConfigurationDelegate : Bootstrapping Spring Data JPA repositories in DEFAULT mode.
2025-03-18T23:28:12.367+07:00  INFO 28568 --- [purchase] [restartedMain] .s.d.r.c.RepositoryConfigurationDelegate : Finished Spring Data repository scanning in 360 ms. Found 3 JPA repository interfaces.
2025-03-18T23:28:13.761+07:00  INFO 28568 --- [purchase] [restartedMain] o.s.b.w.embedded.tomcat.TomcatWebServer  : Tomcat initialized with port 8084 (http)
2025-03-18T23:28:13.782+07:00  INFO 28568 --- [purchase] [restartedMain] o.apache.catalina.core.StandardService   : Starting service [Tomcat]
2025-03-18T23:28:13.786+07:00  INFO 28568 --- [purchase] [restartedMain] o.apache.catalina.core.StandardEngine    : Starting Servlet engine: [Apache Tomcat/10.1.34]
2025-03-18T23:28:13.883+07:00  INFO 28568 --- [purchase] [restartedMain] o.a.c.c.C.[Tomcat].[localhost].[/]       : Initializing Spring embedded WebApplicationContext
2025-03-18T23:28:13.884+07:00  INFO 28568 --- [purchase] [restartedMain] w.s.c.ServletWebServerApplicationContext : Root WebApplicationContext: initialization completed in 3916 ms
2025-03-18T23:28:13.918+07:00 DEBUG 28568 --- [purchase] [restartedMain] g.karina.purchase.security.jwt.JwtUtils  : Initializing JWT public key
2025-03-18T23:28:14.001+07:00 DEBUG 28568 --- [purchase] [restartedMain] g.k.p.security.jwt.JwtTokenFilter        : Filter 'jwtTokenFilter' configured for use
2025-03-18T23:28:14.193+07:00  INFO 28568 --- [purchase] [restartedMain] o.hibernate.jpa.internal.util.LogHelper  : HHH000204: Processing PersistenceUnitInfo [name: default]
2025-03-18T23:28:14.289+07:00  INFO 28568 --- [purchase] [restartedMain] org.hibernate.Version                    : HHH000412: Hibernate ORM core version 6.6.5.Final
2025-03-18T23:28:14.360+07:00  INFO 28568 --- [purchase] [restartedMain] o.h.c.internal.RegionFactoryInitiator    : HHH000026: Second-level cache disabled
2025-03-18T23:28:15.328+07:00  INFO 28568 --- [purchase] [restartedMain] o.s.o.j.p.SpringPersistenceUnitInfo      : No LoadTimeWeaver setup: ignoring JPA class transformer
2025-03-18T23:28:15.428+07:00  INFO 28568 --- [purchase] [restartedMain] com.zaxxer.hikari.HikariDataSource       : HikariPool-1 - Starting...
2025-03-18T23:28:16.644+07:00  INFO 28568 --- [purchase] [restartedMain] com.zaxxer.hikari.pool.HikariPool        : HikariPool-1 - Added connection org.postgresql.jdbc.PgConnection@13f9ed56
2025-03-18T23:28:16.648+07:00  INFO 28568 --- [purchase] [restartedMain] com.zaxxer.hikari.HikariDataSource       : HikariPool-1 - Start completed.
2025-03-18T23:28:16.733+07:00  WARN 28568 --- [purchase] [restartedMain] org.hibernate.orm.deprecation            : HHH90000025: PostgreSQLDialect does not need to be specified explicitly using 'hibernate.dialect' (remove the property setting and it will be selected by default)
2025-03-18T23:28:16.812+07:00  INFO 28568 --- [purchase] [restartedMain] org.hibernate.orm.connections.pooling    : HHH10001005: Database info:
	Database JDBC URL [Connecting through datasource 'HikariDataSource (HikariPool-1)']
	Database driver: undefined/unknown
	Database version: 17.4
	Autocommit mode: undefined/unknown
	Isolation level: undefined/unknown
	Minimum pool size: undefined/unknown
	Maximum pool size: undefined/unknown
2025-03-18T23:28:19.297+07:00  INFO 28568 --- [purchase] [restartedMain] o.h.e.t.j.p.i.JtaPlatformInitiator       : HHH000489: No JTA platform available (set 'hibernate.transaction.jta.platform' to enable JTA platform integration)
2025-03-18T23:28:19.639+07:00  INFO 28568 --- [purchase] [restartedMain] j.LocalContainerEntityManagerFactoryBean : Initialized JPA EntityManagerFactory for persistence unit 'default'
2025-03-18T23:28:21.242+07:00  WARN 28568 --- [purchase] [restartedMain] JpaBaseConfiguration$JpaWebConfiguration : spring.jpa.open-in-view is enabled by default. Therefore, database queries may be performed during view rendering. Explicitly configure spring.jpa.open-in-view to disable this warning
2025-03-18T23:28:21.282+07:00  INFO 28568 --- [purchase] [restartedMain] r$InitializeUserDetailsManagerConfigurer : Global AuthenticationManager configured with UserDetailsService bean with name jwtUserDetailsService
2025-03-18T23:28:22.328+07:00  WARN 28568 --- [purchase] [restartedMain] ion$DefaultTemplateResolverConfiguration : Cannot find template location: classpath:/templates/ (please add some templates, check your Thymeleaf configuration, or set spring.thymeleaf.check-template-location=false)
2025-03-18T23:28:22.491+07:00  WARN 28568 --- [purchase] [restartedMain] o.s.b.d.a.OptionalLiveReloadServer       : Unable to start LiveReload server
2025-03-18T23:28:22.946+07:00  INFO 28568 --- [purchase] [restartedMain] o.s.b.w.embedded.tomcat.TomcatWebServer  : Tomcat started on port 8084 (http) with context path '/'
2025-03-18T23:28:22.958+07:00  INFO 28568 --- [purchase] [restartedMain] g.karina.purchase.PurchaseApplication    : Started PurchaseApplication in 14.059 seconds (process running for 15.062)
2025-03-18T23:29:04.969+07:00  INFO 28568 --- [purchase] [http-nio-8084-exec-1] o.a.c.c.C.[Tomcat].[localhost].[/]       : Initializing Spring DispatcherServlet 'dispatcherServlet'
2025-03-18T23:29:04.970+07:00  INFO 28568 --- [purchase] [http-nio-8084-exec-1] o.s.web.servlet.DispatcherServlet        : Initializing Servlet 'dispatcherServlet'
2025-03-18T23:29:04.973+07:00  INFO 28568 --- [purchase] [http-nio-8084-exec-1] o.s.web.servlet.DispatcherServlet        : Completed initialization in 1 ms
2025-03-18T23:29:05.398+07:00 DEBUG 28568 --- [purchase] [http-nio-8084-exec-3] g.karina.purchase.security.jwt.JwtUtils  : JWT token is valid
2025-03-18T23:29:05.401+07:00 DEBUG 28568 --- [purchase] [http-nio-8084-exec-3] g.karina.purchase.security.jwt.JwtUtils  : Extracted username from token: admin
2025-03-18T23:29:05.403+07:00 DEBUG 28568 --- [purchase] [http-nio-8084-exec-3] g.karina.purchase.security.jwt.JwtUtils  : Extracted role from token: Admin
2025-03-18T23:29:05.405+07:00 DEBUG 28568 --- [purchase] [http-nio-8084-exec-3] g.karina.purchase.security.jwt.JwtUtils  : JWT token is valid
2025-03-18T23:29:05.408+07:00 DEBUG 28568 --- [purchase] [http-nio-8084-exec-3] g.karina.purchase.security.jwt.JwtUtils  : Extracted username from token: admin
2025-03-18T23:29:05.410+07:00 DEBUG 28568 --- [purchase] [http-nio-8084-exec-3] g.karina.purchase.security.jwt.JwtUtils  : Extracted role from token: Admin
2025-03-18T23:29:05.411+07:00  INFO 28568 --- [purchase] [http-nio-8084-exec-3] g.k.p.s.service.JwtUserDetailsService    : authorities: [Admin]
2025-03-18T23:29:05.413+07:00 DEBUG 28568 --- [purchase] [http-nio-8084-exec-3] g.k.p.security.jwt.JwtTokenFilter        : Successfully authenticated user 'admin' with role 'Admin'
2025-03-18T23:29:05.809+07:00 DEBUG 28568 --- [purchase] [http-nio-8084-exec-4] g.karina.purchase.security.jwt.JwtUtils  : JWT token is valid
2025-03-18T23:29:05.811+07:00 DEBUG 28568 --- [purchase] [http-nio-8084-exec-4] g.karina.purchase.security.jwt.JwtUtils  : Extracted username from token: admin
2025-03-18T23:29:05.813+07:00 DEBUG 28568 --- [purchase] [http-nio-8084-exec-4] g.karina.purchase.security.jwt.JwtUtils  : Extracted role from token: Admin
2025-03-18T23:29:05.814+07:00 DEBUG 28568 --- [purchase] [http-nio-8084-exec-4] g.karina.purchase.security.jwt.JwtUtils  : JWT token is valid
2025-03-18T23:29:05.816+07:00 DEBUG 28568 --- [purchase] [http-nio-8084-exec-4] g.karina.purchase.security.jwt.JwtUtils  : Extracted username from token: admin
2025-03-18T23:29:05.818+07:00 DEBUG 28568 --- [purchase] [http-nio-8084-exec-4] g.karina.purchase.security.jwt.JwtUtils  : Extracted role from token: Admin
2025-03-18T23:29:05.818+07:00  INFO 28568 --- [purchase] [http-nio-8084-exec-4] g.k.p.s.service.JwtUserDetailsService    : authorities: [Admin]
2025-03-18T23:29:05.819+07:00 DEBUG 28568 --- [purchase] [http-nio-8084-exec-4] g.k.p.security.jwt.JwtTokenFilter        : Successfully authenticated user 'admin' with role 'Admin'
2025-03-18T23:29:09.065+07:00 DEBUG 28568 --- [purchase] [http-nio-8084-exec-6] g.karina.purchase.security.jwt.JwtUtils  : JWT token is valid
2025-03-18T23:29:09.066+07:00 DEBUG 28568 --- [purchase] [http-nio-8084-exec-6] g.karina.purchase.security.jwt.JwtUtils  : Extracted username from token: admin
2025-03-18T23:29:09.069+07:00 DEBUG 28568 --- [purchase] [http-nio-8084-exec-6] g.karina.purchase.security.jwt.JwtUtils  : Extracted role from token: Admin
2025-03-18T23:29:09.071+07:00 DEBUG 28568 --- [purchase] [http-nio-8084-exec-6] g.karina.purchase.security.jwt.JwtUtils  : JWT token is valid
2025-03-18T23:29:09.073+07:00 DEBUG 28568 --- [purchase] [http-nio-8084-exec-6] g.karina.purchase.security.jwt.JwtUtils  : Extracted username from token: admin
2025-03-18T23:29:09.075+07:00 DEBUG 28568 --- [purchase] [http-nio-8084-exec-6] g.karina.purchase.security.jwt.JwtUtils  : Extracted role from token: Admin
2025-03-18T23:29:09.076+07:00  INFO 28568 --- [purchase] [http-nio-8084-exec-6] g.k.p.s.service.JwtUserDetailsService    : authorities: [Admin]
2025-03-18T23:29:09.076+07:00 DEBUG 28568 --- [purchase] [http-nio-8084-exec-6] g.k.p.security.jwt.JwtTokenFilter        : Successfully authenticated user 'admin' with role 'Admin'
2025-03-18T23:29:21.393+07:00 DEBUG 28568 --- [purchase] [http-nio-8084-exec-7] g.karina.purchase.security.jwt.JwtUtils  : JWT token is valid
2025-03-18T23:29:21.396+07:00 DEBUG 28568 --- [purchase] [http-nio-8084-exec-7] g.karina.purchase.security.jwt.JwtUtils  : Extracted username from token: admin
2025-03-18T23:29:21.398+07:00 DEBUG 28568 --- [purchase] [http-nio-8084-exec-7] g.karina.purchase.security.jwt.JwtUtils  : Extracted role from token: Admin
2025-03-18T23:29:21.400+07:00 DEBUG 28568 --- [purchase] [http-nio-8084-exec-7] g.karina.purchase.security.jwt.JwtUtils  : JWT token is valid
2025-03-18T23:29:21.402+07:00 DEBUG 28568 --- [purchase] [http-nio-8084-exec-7] g.karina.purchase.security.jwt.JwtUtils  : Extracted username from token: admin
2025-03-18T23:29:21.404+07:00 DEBUG 28568 --- [purchase] [http-nio-8084-exec-7] g.karina.purchase.security.jwt.JwtUtils  : Extracted role from token: Admin
2025-03-18T23:29:21.405+07:00  INFO 28568 --- [purchase] [http-nio-8084-exec-7] g.k.p.s.service.JwtUserDetailsService    : authorities: [Admin]
2025-03-18T23:29:21.405+07:00 DEBUG 28568 --- [purchase] [http-nio-8084-exec-7] g.k.p.security.jwt.JwtTokenFilter        : Successfully authenticated user 'admin' with role 'Admin'
2025-03-18T23:29:21.799+07:00 DEBUG 28568 --- [purchase] [http-nio-8084-exec-9] g.karina.purchase.security.jwt.JwtUtils  : JWT token is valid
2025-03-18T23:29:21.801+07:00 DEBUG 28568 --- [purchase] [http-nio-8084-exec-9] g.karina.purchase.security.jwt.JwtUtils  : Extracted username from token: admin
2025-03-18T23:29:21.802+07:00 DEBUG 28568 --- [purchase] [http-nio-8084-exec-9] g.karina.purchase.security.jwt.JwtUtils  : Extracted role from token: Admin
2025-03-18T23:29:21.804+07:00 DEBUG 28568 --- [purchase] [http-nio-8084-exec-9] g.karina.purchase.security.jwt.JwtUtils  : JWT token is valid
2025-03-18T23:29:21.806+07:00 DEBUG 28568 --- [purchase] [http-nio-8084-exec-9] g.karina.purchase.security.jwt.JwtUtils  : Extracted username from token: admin
2025-03-18T23:29:21.808+07:00 DEBUG 28568 --- [purchase] [http-nio-8084-exec-9] g.karina.purchase.security.jwt.JwtUtils  : Extracted role from token: Admin
2025-03-18T23:29:21.808+07:00  INFO 28568 --- [purchase] [http-nio-8084-exec-9] g.k.p.s.service.JwtUserDetailsService    : authorities: [Admin]
2025-03-18T23:29:21.808+07:00 DEBUG 28568 --- [purchase] [http-nio-8084-exec-9] g.k.p.security.jwt.JwtTokenFilter        : Successfully authenticated user 'admin' with role 'Admin'
2025-03-18T23:29:22.035+07:00 DEBUG 28568 --- [purchase] [http-nio-8084-exec-10] g.karina.purchase.security.jwt.JwtUtils  : JWT token is valid
2025-03-18T23:29:22.036+07:00 DEBUG 28568 --- [purchase] [http-nio-8084-exec-10] g.karina.purchase.security.jwt.JwtUtils  : Extracted username from token: admin
2025-03-18T23:29:22.039+07:00 DEBUG 28568 --- [purchase] [http-nio-8084-exec-10] g.karina.purchase.security.jwt.JwtUtils  : Extracted role from token: Admin
2025-03-18T23:29:22.041+07:00 DEBUG 28568 --- [purchase] [http-nio-8084-exec-10] g.karina.purchase.security.jwt.JwtUtils  : JWT token is valid
2025-03-18T23:29:22.043+07:00 DEBUG 28568 --- [purchase] [http-nio-8084-exec-10] g.karina.purchase.security.jwt.JwtUtils  : Extracted username from token: admin
2025-03-18T23:29:22.045+07:00 DEBUG 28568 --- [purchase] [http-nio-8084-exec-10] g.karina.purchase.security.jwt.JwtUtils  : Extracted role from token: Admin
2025-03-18T23:29:22.045+07:00  INFO 28568 --- [purchase] [http-nio-8084-exec-10] g.k.p.s.service.JwtUserDetailsService    : authorities: [Admin]
2025-03-18T23:29:22.045+07:00 DEBUG 28568 --- [purchase] [http-nio-8084-exec-10] g.k.p.security.jwt.JwtTokenFilter        : Successfully authenticated user 'admin' with role 'Admin'
2025-03-18T23:29:22.129+07:00 DEBUG 28568 --- [purchase] [http-nio-8084-exec-2] g.karina.purchase.security.jwt.JwtUtils  : JWT token is valid
2025-03-18T23:29:22.130+07:00 DEBUG 28568 --- [purchase] [http-nio-8084-exec-2] g.karina.purchase.security.jwt.JwtUtils  : Extracted username from token: admin
2025-03-18T23:29:22.132+07:00 DEBUG 28568 --- [purchase] [http-nio-8084-exec-2] g.karina.purchase.security.jwt.JwtUtils  : Extracted role from token: Admin
2025-03-18T23:29:22.134+07:00 DEBUG 28568 --- [purchase] [http-nio-8084-exec-2] g.karina.purchase.security.jwt.JwtUtils  : JWT token is valid
2025-03-18T23:29:22.136+07:00 DEBUG 28568 --- [purchase] [http-nio-8084-exec-2] g.karina.purchase.security.jwt.JwtUtils  : Extracted username from token: admin
2025-03-18T23:29:22.138+07:00 DEBUG 28568 --- [purchase] [http-nio-8084-exec-2] g.karina.purchase.security.jwt.JwtUtils  : Extracted role from token: Admin
2025-03-18T23:29:22.138+07:00  INFO 28568 --- [purchase] [http-nio-8084-exec-2] g.k.p.s.service.JwtUserDetailsService    : authorities: [Admin]
2025-03-18T23:29:22.138+07:00 DEBUG 28568 --- [purchase] [http-nio-8084-exec-2] g.k.p.security.jwt.JwtTokenFilter        : Successfully authenticated user 'admin' with role 'Admin'
2025-03-18T23:30:19.052+07:00 DEBUG 28568 --- [purchase] [http-nio-8084-exec-3] g.karina.purchase.security.jwt.JwtUtils  : JWT token is valid
2025-03-18T23:30:19.054+07:00 DEBUG 28568 --- [purchase] [http-nio-8084-exec-3] g.karina.purchase.security.jwt.JwtUtils  : Extracted username from token: admin
2025-03-18T23:30:19.055+07:00 DEBUG 28568 --- [purchase] [http-nio-8084-exec-3] g.karina.purchase.security.jwt.JwtUtils  : Extracted role from token: Admin
2025-03-18T23:30:19.056+07:00 DEBUG 28568 --- [purchase] [http-nio-8084-exec-3] g.karina.purchase.security.jwt.JwtUtils  : JWT token is valid
2025-03-18T23:30:19.059+07:00 DEBUG 28568 --- [purchase] [http-nio-8084-exec-3] g.karina.purchase.security.jwt.JwtUtils  : Extracted username from token: admin
2025-03-18T23:30:19.060+07:00 DEBUG 28568 --- [purchase] [http-nio-8084-exec-3] g.karina.purchase.security.jwt.JwtUtils  : Extracted role from token: Admin
2025-03-18T23:30:19.060+07:00  INFO 28568 --- [purchase] [http-nio-8084-exec-3] g.k.p.s.service.JwtUserDetailsService    : authorities: [Admin]
2025-03-18T23:30:19.061+07:00 DEBUG 28568 --- [purchase] [http-nio-8084-exec-3] g.k.p.security.jwt.JwtTokenFilter        : Successfully authenticated user 'admin' with role 'Admin'
2025-03-18T23:30:19.144+07:00 DEBUG 28568 --- [purchase] [http-nio-8084-exec-4] g.karina.purchase.security.jwt.JwtUtils  : JWT token is valid
2025-03-18T23:30:19.145+07:00 DEBUG 28568 --- [purchase] [http-nio-8084-exec-4] g.karina.purchase.security.jwt.JwtUtils  : Extracted username from token: admin
2025-03-18T23:30:19.146+07:00 DEBUG 28568 --- [purchase] [http-nio-8084-exec-4] g.karina.purchase.security.jwt.JwtUtils  : Extracted role from token: Admin
2025-03-18T23:30:19.148+07:00 DEBUG 28568 --- [purchase] [http-nio-8084-exec-4] g.karina.purchase.security.jwt.JwtUtils  : JWT token is valid
2025-03-18T23:30:19.150+07:00 DEBUG 28568 --- [purchase] [http-nio-8084-exec-4] g.karina.purchase.security.jwt.JwtUtils  : Extracted username from token: admin
2025-03-18T23:30:19.151+07:00 DEBUG 28568 --- [purchase] [http-nio-8084-exec-4] g.karina.purchase.security.jwt.JwtUtils  : Extracted role from token: Admin
2025-03-18T23:30:19.152+07:00  INFO 28568 --- [purchase] [http-nio-8084-exec-4] g.k.p.s.service.JwtUserDetailsService    : authorities: [Admin]
2025-03-18T23:30:19.152+07:00 DEBUG 28568 --- [purchase] [http-nio-8084-exec-4] g.k.p.security.jwt.JwtTokenFilter        : Successfully authenticated user 'admin' with role 'Admin'
2025-03-18T23:30:19.332+07:00 DEBUG 28568 --- [purchase] [http-nio-8084-exec-5] g.karina.purchase.security.jwt.JwtUtils  : JWT token is valid
2025-03-18T23:30:19.334+07:00 DEBUG 28568 --- [purchase] [http-nio-8084-exec-5] g.karina.purchase.security.jwt.JwtUtils  : Extracted username from token: admin
2025-03-18T23:30:19.336+07:00 DEBUG 28568 --- [purchase] [http-nio-8084-exec-5] g.karina.purchase.security.jwt.JwtUtils  : Extracted role from token: Admin
2025-03-18T23:30:19.339+07:00 DEBUG 28568 --- [purchase] [http-nio-8084-exec-5] g.karina.purchase.security.jwt.JwtUtils  : JWT token is valid
2025-03-18T23:30:19.341+07:00 DEBUG 28568 --- [purchase] [http-nio-8084-exec-5] g.karina.purchase.security.jwt.JwtUtils  : Extracted username from token: admin
2025-03-18T23:30:19.343+07:00 DEBUG 28568 --- [purchase] [http-nio-8084-exec-5] g.karina.purchase.security.jwt.JwtUtils  : Extracted role from token: Admin
2025-03-18T23:30:19.343+07:00  INFO 28568 --- [purchase] [http-nio-8084-exec-5] g.k.p.s.service.JwtUserDetailsService    : authorities: [Admin]
2025-03-18T23:30:19.343+07:00 DEBUG 28568 --- [purchase] [http-nio-8084-exec-5] g.k.p.security.jwt.JwtTokenFilter        : Successfully authenticated user 'admin' with role 'Admin'
2025-03-18T23:30:19.435+07:00 DEBUG 28568 --- [purchase] [http-nio-8084-exec-6] g.karina.purchase.security.jwt.JwtUtils  : JWT token is valid
2025-03-18T23:30:19.437+07:00 DEBUG 28568 --- [purchase] [http-nio-8084-exec-6] g.karina.purchase.security.jwt.JwtUtils  : Extracted username from token: admin
2025-03-18T23:30:19.439+07:00 DEBUG 28568 --- [purchase] [http-nio-8084-exec-6] g.karina.purchase.security.jwt.JwtUtils  : Extracted role from token: Admin
2025-03-18T23:30:19.442+07:00 DEBUG 28568 --- [purchase] [http-nio-8084-exec-6] g.karina.purchase.security.jwt.JwtUtils  : JWT token is valid
2025-03-18T23:30:19.443+07:00 DEBUG 28568 --- [purchase] [http-nio-8084-exec-6] g.karina.purchase.security.jwt.JwtUtils  : Extracted username from token: admin
2025-03-18T23:30:19.445+07:00 DEBUG 28568 --- [purchase] [http-nio-8084-exec-6] g.karina.purchase.security.jwt.JwtUtils  : Extracted role from token: Admin
2025-03-18T23:30:19.445+07:00  INFO 28568 --- [purchase] [http-nio-8084-exec-6] g.k.p.s.service.JwtUserDetailsService    : authorities: [Admin]
2025-03-18T23:30:19.445+07:00 DEBUG 28568 --- [purchase] [http-nio-8084-exec-6] g.k.p.security.jwt.JwtTokenFilter        : Successfully authenticated user 'admin' with role 'Admin'
